<?xml version="1.0" encoding="UTF-8"?>
<coverage generated="1686499453195" clover="3.2.0">
  <project timestamp="1686499453195" name="All files">
    <metrics statements="4" coveredstatements="4" conditionals="0" coveredconditionals="0" methods="3" coveredmethods="3" elements="7" coveredelements="7" complexity="0" loc="4" ncloc="4" packages="3" files="3" classes="3"/>
    <package name="src">
      <metrics statements="1" coveredstatements="1" conditionals="0" coveredconditionals="0" methods="1" coveredmethods="1"/>
      <file name="App.tsx" path="/Volumes/Hub/Work/Sites/Interviews/Ling/rntoolsdemo/src/App.tsx">
        <metrics statements="1" coveredstatements="1" conditionals="0" coveredconditionals="0" methods="1" coveredmethods="1"/>
        <line num="6" count="1" type="stmt"/>
      </file>
    </package>
    <package name="src.components.layout">
      <metrics statements="1" coveredstatements="1" conditionals="0" coveredconditionals="0" methods="1" coveredmethods="1"/>
      <file name="AppLayout.tsx" path="/Volumes/Hub/Work/Sites/Interviews/Ling/rntoolsdemo/src/components/layout/AppLayout.tsx">
        <metrics statements="1" coveredstatements="1" conditionals="0" coveredconditionals="0" methods="1" coveredmethods="1"/>
        <line num="5" count="1" type="stmt"/>
      </file>
    </package>
    <package name="src.utils.providers">
      <metrics statements="2" coveredstatements="2" conditionals="0" coveredconditionals="0" methods="1" coveredmethods="1"/>
      <file name="AppProviders.tsx" path="/Volumes/Hub/Work/Sites/Interviews/Ling/rntoolsdemo/src/utils/providers/AppProviders.tsx">
        <metrics statements="2" coveredstatements="2" conditionals="0" coveredconditionals="0" methods="1" coveredmethods="1"/>
        <line num="4" count="1" type="stmt"/>
        <line num="10" count="1" type="stmt"/>
      </file>
    </package>
  </project>
</coverage>
