{"/Volumes/Hub/Work/Sites/Interviews/Ling/rntoolsdemo/src/App.tsx": {"path":"/Volumes/Hub/Work/Sites/Interviews/Ling/rntoolsdemo/src/App.tsx","statementMap":{"0":{"start":{"line":6,"column":2},"end":{"line":12,"column":3}}},"fnMap":{"0":{"name":"App","decl":{"start":{"line":5,"column":24},"end":{"line":5,"column":27}},"loc":{"start":{"line":5,"column":43},"end":{"line":13,"column":1}},"line":5}},"branchMap":{},"s":{"0":1},"f":{"0":1},"b":{},"_coverageSchema":"1a1c01bbd47fc00a2c39e90264f33305004495a9","hash":"7c7b00b5dd46ee7f739e1a53a760c1045415bf8b"}
,"/Volumes/Hub/Work/Sites/Interviews/Ling/rntoolsdemo/src/components/layout/AppLayout.tsx": {"path":"/Volumes/Hub/Work/Sites/Interviews/Ling/rntoolsdemo/src/components/layout/AppLayout.tsx","statementMap":{"0":{"start":{"line":5,"column":2},"end":{"line":9,"column":3}}},"fnMap":{"0":{"name":"AppLayout","decl":{"start":{"line":4,"column":16},"end":{"line":4,"column":25}},"loc":{"start":{"line":4,"column":63},"end":{"line":10,"column":1}},"line":4}},"branchMap":{},"s":{"0":1},"f":{"0":1},"b":{},"_coverageSchema":"1a1c01bbd47fc00a2c39e90264f33305004495a9","hash":"5aed50326a8febbe5e4603702b12c230d3d81444"}
,"/Volumes/Hub/Work/Sites/Interviews/Ling/rntoolsdemo/src/utils/providers/AppProviders.tsx": {"path":"/Volumes/Hub/Work/Sites/Interviews/Ling/rntoolsdemo/src/utils/providers/AppProviders.tsx","statementMap":{"0":{"start":{"line":4,"column":14},"end":{"line":7,"column":1}},"1":{"start":{"line":10,"column":2},"end":{"line":10,"column":89}}},"fnMap":{"0":{"name":"AppProviders","decl":{"start":{"line":9,"column":16},"end":{"line":9,"column":28}},"loc":{"start":{"line":9,"column":66},"end":{"line":11,"column":1}},"line":9}},"branchMap":{},"s":{"0":1,"1":1},"f":{"0":1},"b":{},"_coverageSchema":"1a1c01bbd47fc00a2c39e90264f33305004495a9","hash":"d5d90d981b8c74a27b9b2341a1e85655753dc2c5"}
}
